  stdafx.cpp
  CustomLevelMap.cpp
  CustomLevel.cpp
  CustomizingMap.cpp
  Tiles.cpp
  SimpleObjects.cpp
  RhythmicalGlow.cpp
  Customizing.cpp
  CameraManager.cpp
  DataManager.cpp
  ObjectManager.cpp
  SceneManager.cpp
  SoundManager.cpp
  EditableMap.cpp
  UnidirectionalMap.cpp
  TileMap.cpp
  APortal.cpp
  AActor.cpp
  PoolableObjects.cpp
  LevelEditor.cpp
  Game.cpp
  APlayer.cpp
  Calibration.cpp
  IntroLevel.cpp
  IntroMap.cpp
  Scene.cpp
  Level.cpp
  SynchronizedMap.cpp
  Portfolio_ADOFAI.vcxproj -> C:\Users\blues\Desktop\Portfolio_DirectX11_2D\.out\x64\Portfolio_ADOFAI.exe
