c:\users\blues\desktop\portfolio_directx11_2d\.int\x64\adofai\scenemanager.obj
c:\users\blues\desktop\portfolio_directx11_2d\.int\x64\adofai\unidirectionalmap.obj
c:\users\blues\desktop\portfolio_directx11_2d\.int\x64\adofai\introlevel.obj
c:\users\blues\desktop\portfolio_directx11_2d\.int\x64\adofai\intromap.obj
c:\users\blues\desktop\portfolio_directx11_2d\.int\x64\adofai\cameramanager.obj
c:\users\blues\desktop\portfolio_directx11_2d\.int\x64\adofai\leveleditor.obj
c:\users\blues\desktop\portfolio_directx11_2d\.int\x64\adofai\datamanager.obj
c:\users\blues\desktop\portfolio_directx11_2d\.int\x64\adofai\level.obj
c:\users\blues\desktop\portfolio_directx11_2d\.int\x64\adofai\portfolio_adofai.pch
c:\users\blues\desktop\portfolio_directx11_2d\.int\x64\adofai\vc142.pdb
c:\users\blues\desktop\portfolio_directx11_2d\.int\x64\adofai\vc142.idb
c:\users\blues\desktop\portfolio_directx11_2d\.int\x64\adofai\stdafx.obj
c:\users\blues\desktop\portfolio_directx11_2d\.int\x64\adofai\editablemap.obj
c:\users\blues\desktop\portfolio_directx11_2d\.int\x64\adofai\customizing.obj
c:\users\blues\desktop\portfolio_directx11_2d\.int\x64\adofai\customlevelmap.obj
c:\users\blues\desktop\portfolio_directx11_2d\.int\x64\adofai\aportal.obj
c:\users\blues\desktop\portfolio_directx11_2d\.int\x64\adofai\game.obj
c:\users\blues\desktop\portfolio_directx11_2d\.int\x64\adofai\soundmanager.obj
c:\users\blues\desktop\portfolio_directx11_2d\.int\x64\adofai\objectmanager.obj
c:\users\blues\desktop\portfolio_directx11_2d\.int\x64\adofai\customlevel.obj
c:\users\blues\desktop\portfolio_directx11_2d\.int\x64\adofai\poolableobjects.obj
c:\users\blues\desktop\portfolio_directx11_2d\.int\x64\adofai\simpleobjects.obj
c:\users\blues\desktop\portfolio_directx11_2d\.int\x64\adofai\aactor.obj
c:\users\blues\desktop\portfolio_directx11_2d\.int\x64\adofai\tiles.obj
c:\users\blues\desktop\portfolio_directx11_2d\.int\x64\adofai\scene.obj
c:\users\blues\desktop\portfolio_directx11_2d\.int\x64\adofai\rhythmicalglow.obj
c:\users\blues\desktop\portfolio_directx11_2d\.int\x64\adofai\synchronizedmap.obj
c:\users\blues\desktop\portfolio_directx11_2d\.int\x64\adofai\aplayer.obj
c:\users\blues\desktop\portfolio_directx11_2d\.int\x64\adofai\tilemap.obj
c:\users\blues\desktop\portfolio_directx11_2d\.int\x64\adofai\customizingmap.obj
c:\users\blues\desktop\portfolio_directx11_2d\.out\x64\portfolio_adofai.exe
c:\users\blues\desktop\portfolio_directx11_2d\.int\x64\adofai\portfolio_adofai.ilk
c:\users\blues\desktop\portfolio_directx11_2d\.out\x64\portfolio_adofai.pdb
c:\users\blues\desktop\portfolio_directx11_2d\.int\x64\adofai\calibration.obj
c:\users\blues\desktop\portfolio_directx11_2d\.int\x64\adofai\portfolio_adofai.tlog\cl.command.1.tlog
c:\users\blues\desktop\portfolio_directx11_2d\.int\x64\adofai\portfolio_adofai.tlog\cl.read.1.tlog
c:\users\blues\desktop\portfolio_directx11_2d\.int\x64\adofai\portfolio_adofai.tlog\cl.write.1.tlog
c:\users\blues\desktop\portfolio_directx11_2d\.int\x64\adofai\portfolio_adofai.tlog\link.command.1.tlog
c:\users\blues\desktop\portfolio_directx11_2d\.int\x64\adofai\portfolio_adofai.tlog\link.read.1.tlog
c:\users\blues\desktop\portfolio_directx11_2d\.int\x64\adofai\portfolio_adofai.tlog\link.write.1.tlog
